<?xml version="1.0" encoding="UTF-8"?>
<testng-results ignored="0" total="1" passed="1" failed="0" skipped="0">
  <reporter-output>
  </reporter-output>
  <suite started-at="2021-06-15T17:22:26 IST" name="Default suite" finished-at="2021-06-15T17:25:01 IST" duration-ms="155305">
    <groups>
    </groups>
    <test started-at="2021-06-15T17:22:26 IST" name="Default test" finished-at="2021-06-15T17:25:01 IST" duration-ms="155305">
      <class name="test.AmazonDemo">
        <test-method is-config="true" signature="beforeTest()[pri:0, instance:test.AmazonDemo@7e7be63f]" started-at="2021-06-15T17:22:26 IST" name="beforeTest" finished-at="2021-06-15T17:23:14 IST" duration-ms="47442" status="PASS">
          <reporter-output>
          </reporter-output>
        </test-method> <!-- beforeTest -->
        <test-method signature="AmazonLoginTest()[pri:0, instance:test.AmazonDemo@7e7be63f]" started-at="2021-06-15T17:23:14 IST" name="AmazonLoginTest" finished-at="2021-06-15T17:25:01 IST" duration-ms="107177" status="PASS">
          <reporter-output>
          </reporter-output>
        </test-method> <!-- AmazonLoginTest -->
        <test-method is-config="true" signature="afterTest()[pri:0, instance:test.AmazonDemo@7e7be63f]" started-at="2021-06-15T17:25:01 IST" name="afterTest" finished-at="2021-06-15T17:25:01 IST" duration-ms="2" status="PASS">
          <reporter-output>
          </reporter-output>
        </test-method> <!-- afterTest -->
      </class> <!-- test.AmazonDemo -->
    </test> <!-- Default test -->
  </suite> <!-- Default suite -->
</testng-results>
